<?xml version="1.0" encoding="UTF-8"?>
<!-- Generated by org.testng.reporters.JUnitReportReporter -->
<testsuite hostname="DESKTOP-J31KQ3M" failures="0" tests="3" name="testcases.TestClass1" time="44.891" errors="0" timestamp="2023-09-27T14:30:10 IST" skipped="0">
  <testcase classname="testcases.TestClass1" name="Test2" time="12.633"/>
  <testcase classname="testcases.TestClass1" name="Test1" time="10.673"/>
  <testcase classname="testcases.TestClass1" name="Test3" time="21.585"/>
</testsuite> <!-- testcases.TestClass1 -->
