<?xml version="1.0" encoding="UTF-8"?>
<!-- Generated by org.testng.reporters.JUnitReportReporter -->
<testsuite hostname="DESKTOP-J31KQ3M" failures="0" tests="3" name="testcases.TestClass1" time="99.331" errors="0" timestamp="2023-10-14T12:13:59 IST" skipped="0">
  <testcase classname="testcases.TestClass1" name="Test1" time="11.890"/>
  <testcase classname="testcases.TestClass1" name="Test2" time="13.387"/>
  <testcase classname="testcases.TestClass1" name="Test3" time="74.054"/>
</testsuite> <!-- testcases.TestClass1 -->
