<?xml version="1.0" encoding="UTF-8"?>
<!-- Generated by org.testng.reporters.JUnitReportReporter -->
<testsuite hostname="DESKTOP-J31KQ3M" failures="0" tests="3" name="testcases.TestClass1" time="26.634" errors="0" timestamp="2023-10-14T12:35:36 IST" skipped="0">
  <testcase classname="testcases.TestClass1" name="Test2" time="6.938"/>
  <testcase classname="testcases.TestClass1" name="Test1" time="9.727"/>
  <testcase classname="testcases.TestClass1" name="Test3" time="9.969"/>
</testsuite> <!-- testcases.TestClass1 -->
